SERVER_LOGS: 2024/03/15 19:31:43 Error loading .env file
SERVER_LOGS: 2024/03/15 19:31:43 Error connecting to the database: failed to connect to `host=port=0 user=password= database=sslmode=disable`: hostname resolving error (lookup port=0: no such host)
SERVER_LOGS: 2024/03/15 19:31:43 failed to connect to `host=port=0 user=password= database=sslmode=disable`: hostname resolving error (lookup port=0: no such host)
SERVER_LOGS: 2024/03/15 19:31:44 Error querying admin user: failed to connect to `host=port=0 user=password= database=sslmode=disable`: hostname resolving error (lookup port=0: no such host)
SERVER_LOGS: 2024/03/15 19:31:44 Successfully connected to the database!
SERVER_LOGS: 2024/03/15 19:31:44 PORT environment variable not set
SERVER_LOGS: 2024/03/15 19:35:46 Error loading .env file
SERVER_LOGS: 2024/03/15 19:35:47 Successfully connected to the database!
SERVER_LOGS: 2024/03/15 19:35:47 Server started on port 8080
SERVER_LOGS: 2024/03/15 19:35:47 Something went wrong while starting the server!
SERVER_LOGS: 2024/03/15 19:36:20 Error loading .env file
SERVER_LOGS: 2024/03/15 19:36:21 Successfully connected to the database!
SERVER_LOGS: 2024/03/15 19:36:21 Server started on port 8080
SERVER_LOGS: 2024/03/15 19:37:05 Request received: GET /api/v1/users/register
SERVER_LOGS: 2024/03/15 19:37:05 Authorization header missing
SERVER_LOGS: 2024/03/15 19:38:34 Request received: GET /api/v1/users/register
SERVER_LOGS: 2024/03/15 19:38:34 Authorization header missing
SERVER_LOGS: 2024/03/15 19:38:52 Request received: GET /api/v1/users/register
SERVER_LOGS: 2024/03/15 19:38:52 Authorization header missing
SERVER_LOGS: 2024/03/15 19:39:12 Request received: GET /api/v1/users/register
SERVER_LOGS: 2024/03/15 19:39:12 Authorization header missing
SERVER_LOGS: 2024/03/15 20:17:47 Request received: POST /api/v1/users/login
SERVER_LOGS: 2024/03/15 20:17:47 Error finding user: record not found
SERVER_LOGS: 2024/03/15 20:17:47 Invalid email or password
SERVER_LOGS: 2024/03/15 20:18:08 Request received: POST /api/v1/users/login
SERVER_LOGS: 2024/03/15 20:18:08 Error finding user: record not found
SERVER_LOGS: 2024/03/15 20:18:08 Invalid email or password
SERVER_LOGS: 2024/03/15 20:18:21 Request received: POST /api/v1/users/login
SERVER_LOGS: 2024/03/15 20:19:04 Request received: GET /api/v1/movies/all
SERVER_LOGS: 2024/03/15 20:19:04 Invalid page_size
SERVER_LOGS: 2024/03/15 20:20:58 Request received: POST /api/v1/movies/create
SERVER_LOGS: 2024/03/15 20:20:58 Request received: PUT /api/v1/movies/update
SERVER_LOGS: 2024/03/15 20:20:58 Failed to update movie: ERROR: new row for relation "actors" violates check constraint "chk_actors_gender" (SQLSTATE 23514); ERROR: new row for relation "actors" violates check constraint "chk_actors_gender" (SQLSTATE 23514)
SERVER_LOGS: 2024/03/15 20:20:58 Failed to update movie
SERVER_LOGS: 2024/03/15 20:20:58 Request received: DELETE /api/v1/movies/delete
SERVER_LOGS: 2024/03/15 20:20:58 Request received: GET /api/v1/movies/get
SERVER_LOGS: 2024/03/15 20:20:58 Request received: GET /api/v1/movies/all
SERVER_LOGS: 2024/03/15 20:20:58 Request received: PATCH /api/v1/movies/patch
SERVER_LOGS: 2024/03/15 20:20:58 Request received: POST /api/v1/actors/create
SERVER_LOGS: 2024/03/15 20:20:58 Request received: PUT /api/v1/actors/update
SERVER_LOGS: 2024/03/15 20:20:58 Error updating actor: ERROR: insert or update on table "actor_movies" violates foreign key constraint "fk_actor_movies_actor" (SQLSTATE 23503)
SERVER_LOGS: 2024/03/15 20:20:58 Failed to update actor
SERVER_LOGS: 2024/03/15 20:20:58 Request received: DELETE /api/v1/actors/delete
SERVER_LOGS: 2024/03/15 20:20:58 Request received: GET /api/v1/actors/get
SERVER_LOGS: 2024/03/15 20:20:58 Request received: GET /api/v1/actors/all
SERVER_LOGS: 2024/03/15 20:20:58 Request received: PATCH /api/v1/actors/patch
SERVER_LOGS: 2024/03/15 20:20:58 Error finding actor: record not found
SERVER_LOGS: 2024/03/15 20:20:58 Request received: POST /api/v1/users/login
SERVER_LOGS: 2024/03/15 20:20:59 Request received: POST /api/v1/users/register
SERVER_LOGS: 2024/03/15 20:20:59 Request received: POST /api/v1/users/register
SERVER_LOGS: 2024/03/15 20:21:04 Request received: PUT /api/v1/actors/update
SERVER_LOGS: 2024/03/15 20:21:04 Error updating actor: ERROR: insert or update on table "actor_movies" violates foreign key constraint "fk_actor_movies_actor" (SQLSTATE 23503)
SERVER_LOGS: 2024/03/15 20:21:04 Failed to update actor
SERVER_LOGS: 2024/03/15 20:21:06 Request received: PUT /api/v1/movies/update
SERVER_LOGS: 2024/03/15 20:21:06 Failed to update movie: ERROR: new row for relation "actors" violates check constraint "chk_actors_gender" (SQLSTATE 23514); ERROR: new row for relation "actors" violates check constraint "chk_actors_gender" (SQLSTATE 23514)
SERVER_LOGS: 2024/03/15 20:21:06 Failed to update movie
SERVER_LOGS: 2024/03/15 20:21:09 Request received: PUT /api/v1/movies/update
SERVER_LOGS: 2024/03/15 20:21:09 Failed to update movie: ERROR: new row for relation "actors" violates check constraint "chk_actors_gender" (SQLSTATE 23514); ERROR: new row for relation "actors" violates check constraint "chk_actors_gender" (SQLSTATE 23514)
SERVER_LOGS: 2024/03/15 20:21:09 Failed to update movie
SERVER_LOGS: 2024/03/15 20:26:38 Request received: PUT /api/v1/movies/update
SERVER_LOGS: 2024/03/15 20:26:38 Failed to update movie: ERROR: new row for relation "actors" violates check constraint "chk_actors_gender" (SQLSTATE 23514); ERROR: new row for relation "actors" violates check constraint "chk_actors_gender" (SQLSTATE 23514)
SERVER_LOGS: 2024/03/15 20:26:38 Failed to update movie
SERVER_LOGS: 2024/03/16 15:35:57 Error loading .env file
SERVER_LOGS: 2024/03/16 15:35:57 Error connecting to the database: failed to connect to `host=port=0 user=password= database=sslmode=disable`: hostname resolving error (lookup port=0: no such host)
SERVER_LOGS: 2024/03/16 15:35:57 failed to connect to `host=port=0 user=password= database=sslmode=disable`: hostname resolving error (lookup port=0: no such host)
SERVER_LOGS: 2024/03/16 15:35:58 Error querying admin user: failed to connect to `host=port=0 user=password= database=sslmode=disable`: hostname resolving error (lookup port=0: no such host)
SERVER_LOGS: 2024/03/16 15:35:58 Successfully connected to the database!
SERVER_LOGS: 2024/03/16 15:35:58 PORT environment variable not set
SERVER_LOGS: 2024/03/16 15:36:40 Successfully connected to the database!
SERVER_LOGS: 2024/03/16 15:36:40 Server started on port 8080
SERVER_LOGS: 2024/03/16 15:37:08 Request received: POST /api/v1/users/login
SERVER_LOGS: 2024/03/16 15:38:37 Request received: POST /api/v1/movies/create
SERVER_LOGS: 2024/03/16 15:38:37 Request received: PUT /api/v1/movies/update
SERVER_LOGS: 2024/03/16 15:38:37 Request received: DELETE /api/v1/movies/delete
SERVER_LOGS: 2024/03/16 15:38:37 Request received: GET /api/v1/movies/get
SERVER_LOGS: 2024/03/16 15:38:37 Request received: GET /api/v1/movies/all
SERVER_LOGS: 2024/03/16 15:38:37 Request received: PATCH /api/v1/movies/patch
SERVER_LOGS: 2024/03/16 15:38:37 Request received: POST /api/v1/actors/create
SERVER_LOGS: 2024/03/16 15:38:37 Request received: PUT /api/v1/actors/update
SERVER_LOGS: 2024/03/16 15:38:37 Request received: DELETE /api/v1/actors/delete
SERVER_LOGS: 2024/03/16 15:38:37 Request received: GET /api/v1/actors/get
SERVER_LOGS: 2024/03/16 15:38:37 Request received: GET /api/v1/actors/all
SERVER_LOGS: 2024/03/16 15:38:37 Request received: PATCH /api/v1/actors/patch
SERVER_LOGS: 2024/03/16 15:38:37 Request received: POST /api/v1/users/login
SERVER_LOGS: 2024/03/16 15:38:38 Request received: POST /api/v1/users/register
SERVER_LOGS: 2024/03/16 15:38:38 Request received: POST /api/v1/users/register
SERVER_LOGS: 2024/03/16 15:38:39 Error creating user: ERROR: duplicate key value violates unique constraint "idx_users_email" (SQLSTATE 23505)
SERVER_LOGS: 2024/03/16 15:38:39 Failed to register user ERROR: duplicate key value violates unique constraint "idx_users_email" (SQLSTATE 23505)
SERVER_LOGS: 2024/03/16 15:38:49 Request received: POST /api/v1/users/register
SERVER_LOGS: 2024/03/16 15:38:49 Request received: POST /api/v1/users/register
SERVER_LOGS: 2024/03/16 15:38:57 Request received: POST /api/v1/users/register
SERVER_LOGS: 2024/03/16 15:38:57 Request received: POST /api/v1/users/register
SERVER_LOGS: 2024/03/16 15:38:58 Error creating user: ERROR: duplicate key value violates unique constraint "idx_users_email" (SQLSTATE 23505)
SERVER_LOGS: 2024/03/16 15:38:58 Failed to register user ERROR: duplicate key value violates unique constraint "idx_users_email" (SQLSTATE 23505)
SERVER_LOGS: 2024/03/16 15:39:09 Request received: POST /api/v1/users/register
SERVER_LOGS: 2024/03/16 15:39:09 Request received: POST /api/v1/users/register
SERVER_LOGS: 2024/03/16 15:39:10 Error creating user: ERROR: duplicate key value violates unique constraint "idx_users_email" (SQLSTATE 23505)
SERVER_LOGS: 2024/03/16 15:39:10 Failed to register user ERROR: duplicate key value violates unique constraint "idx_users_email" (SQLSTATE 23505)
SERVER_LOGS: 2024/03/16 15:54:47 Error connecting to the database: failed to connect to `host=port=0 user=password= database=sslmode=disable`: hostname resolving error (lookup port=0: no such host)
SERVER_LOGS: 2024/03/16 15:54:47 failed to connect to `host=port=0 user=password= database=sslmode=disable`: hostname resolving error (lookup port=0: no such host)
SERVER_LOGS: 2024/03/16 15:54:48 Error querying admin user: failed to connect to `host=port=0 user=password= database=sslmode=disable`: hostname resolving error (lookup port=0: no such host)
SERVER_LOGS: 2024/03/16 15:54:48 Successfully connected to the database!
SERVER_LOGS: 2024/03/16 15:54:48 Server started on port 8080
SERVER_LOGS: 2024/03/16 15:54:48 Something went wrong while starting the server!
SERVER_LOGS: 2024/03/16 15:55:32 Error connecting to the database: failed to connect to `host=port=0 user=password= database=sslmode=disable`: hostname resolving error (lookup port=0: no such host)
SERVER_LOGS: 2024/03/16 15:55:32 failed to connect to `host=port=0 user=password= database=sslmode=disable`: hostname resolving error (lookup port=0: no such host)
SERVER_LOGS: 2024/03/16 15:55:33 Error querying admin user: failed to connect to `host=port=0 user=password= database=sslmode=disable`: hostname resolving error (lookup port=0: no such host)
SERVER_LOGS: 2024/03/16 15:55:33 Successfully connected to the database!
SERVER_LOGS: 2024/03/16 15:55:33 Server started on port 8080
SERVER_LOGS: 2024/03/16 15:56:31 Error connecting to the database: failed to connect to `host=port=0 user=password= database=sslmode=disable`: hostname resolving error (lookup port=0: no such host)
SERVER_LOGS: 2024/03/16 15:56:31 failed to connect to `host=port=0 user=password= database=sslmode=disable`: hostname resolving error (lookup port=0: no such host)
SERVER_LOGS: 2024/03/16 15:56:32 Error querying admin user: failed to connect to `host=port=0 user=password= database=sslmode=disable`: hostname resolving error (lookup port=0: no such host)
SERVER_LOGS: 2024/03/16 15:56:32 Successfully connected to the database!
SERVER_LOGS: 2024/03/16 15:56:32 Server started on port 8080
SERVER_LOGS: 2024/03/16 15:56:47 Error connecting to the database: failed to connect to `host=port=0 user=password= database=sslmode=disable`: hostname resolving error (lookup port=0: no such host)
SERVER_LOGS: 2024/03/16 15:56:47 failed to connect to `host=port=0 user=password= database=sslmode=disable`: hostname resolving error (lookup port=0: no such host)
SERVER_LOGS: 2024/03/16 15:56:48 Error querying admin user: failed to connect to `host=port=0 user=password= database=sslmode=disable`: hostname resolving error (lookup port=0: no such host)
SERVER_LOGS: 2024/03/16 15:56:48 Successfully connected to the database!
SERVER_LOGS: 2024/03/16 15:56:48 Server started on port 8080
SERVER_LOGS: 2024/03/16 15:58:11 Successfully connected to the database!
SERVER_LOGS: 2024/03/16 15:58:11 Server started on port 8080
SERVER_LOGS: 2024/03/16 15:58:48 Request received: POST /api/v1/users/login
SERVER_LOGS: 2024/03/16 16:00:30 Request received: GET /api/v1/actors/all
SERVER_LOGS: 2024/03/16 16:00:30 Invalid page_size
SERVER_LOGS: 2024/03/16 16:54:53 Successfully connected to the database!
SERVER_LOGS: 2024/03/16 16:54:53 Server started on port 8080
SERVER_LOGS: 2024/03/16 16:58:11 Successfully connected to the database!
SERVER_LOGS: 2024/03/16 16:58:11 Server started on port 8080
SERVER_LOGS: 2024/03/16 16:59:23 Request received: POST /api/v1/users/login
SERVER_LOGS: 2024/03/16 16:59:56 Request received: GET /api/v1/actors/get
SERVER_LOGS: 2024/03/16 17:00:22 Request received: DELETE /api/v1/actors/delete
SERVER_LOGS: 2024/03/16 18:55:30 Successfully connected to the database!
SERVER_LOGS: 2024/03/16 18:55:30 Server started on port 8080
SERVER_LOGS: 2024/03/16 18:56:06 Successfully connected to the database!
SERVER_LOGS: 2024/03/16 18:56:06 Server started on port 8080
SERVER_LOGS: 2024/03/16 20:00:24 Successfully connected to the database!
SERVER_LOGS: 2024/03/16 20:00:24 Server started on port 8080
SERVER_LOGS: 2024/03/16 20:00:24 Something went wrong while starting the server!
SERVER_LOGS: 2024/03/16 20:00:54 Successfully connected to the database!
SERVER_LOGS: 2024/03/16 20:00:54 Server started on port 8080
SERVER_LOGS: 2024/03/16 23:24:31 Successfully connected to the database!
SERVER_LOGS: 2024/03/16 23:24:32 Server started on port 8080
SERVER_LOGS: 2024/03/16 23:33:46 Request received: POST /api/v1/users/login
SERVER_LOGS: 2024/03/16 23:33:46 Error finding user: record not found
SERVER_LOGS: 2024/03/16 23:33:46 Invalid email or password
SERVER_LOGS: 2024/03/17 01:36:54 Request received: POST /api/v1/users/login
SERVER_LOGS: 2024/03/17 01:39:57 Request received: POST /api/v1/users/login
SERVER_LOGS: 2024/03/17 01:56:15 Request received: GET /api/v1/actors/all
SERVER_LOGS: 2024/03/17 02:00:47 Request received: POST /api/v1/users/login
SERVER_LOGS: 2024/03/17 02:00:49 Request received: GET /api/v1/actors/all
SERVER_LOGS: 2024/03/17 02:00:49 Authorization header missing
SERVER_LOGS: 2024/03/17 02:06:49 Request received: POST /api/v1/users/login
SERVER_LOGS: 2024/03/17 02:06:51 Request received: GET /api/v1/actors/all
SERVER_LOGS: 2024/03/17 02:06:51 Authorization header missing
SERVER_LOGS: 2024/03/17 02:07:34 Request received: POST /api/v1/users/login
SERVER_LOGS: 2024/03/17 02:07:36 Request received: GET /api/v1/actors/all
SERVER_LOGS: 2024/03/17 02:07:36 Authorization header missing
SERVER_LOGS: 2024/03/17 02:16:10 Request received: POST /api/v1/users/login
SERVER_LOGS: 2024/03/17 02:16:12 Request received: GET /api/v1/actors/all
SERVER_LOGS: 2024/03/17 02:16:12 Authorization header missing
SERVER_LOGS: 2024/03/17 02:17:46 Request received: POST /api/v1/users/login
SERVER_LOGS: 2024/03/17 02:17:49 Request received: GET /api/v1/actors/all
SERVER_LOGS: 2024/03/17 02:17:49 Authorization header missing
SERVER_LOGS: 2024/03/17 02:18:23 Request received: POST /api/v1/users/login
SERVER_LOGS: 2024/03/17 02:18:26 Request received: GET /api/v1/actors/all
SERVER_LOGS: 2024/03/17 02:18:26 Authorization header missing
SERVER_LOGS: 2024/03/17 02:19:29 Request received: POST /api/v1/users/login
SERVER_LOGS: 2024/03/17 02:19:32 Request received: GET /api/v1/actors/all
SERVER_LOGS: 2024/03/17 02:19:32 Authorization header missing
SERVER_LOGS: 2024/03/17 02:23:31 Request received: POST /api/v1/users/login
SERVER_LOGS: 2024/03/17 02:23:33 Request received: GET /api/v1/actors/all
SERVER_LOGS: 2024/03/17 02:23:33 Authorization header missing
SERVER_LOGS: 2024/03/17 02:26:13 Request received: GET /api/v1/movies/all
SERVER_LOGS: 2024/03/17 02:26:36 Request received: POST /api/v1/users/login
SERVER_LOGS: 2024/03/17 02:26:39 Request received: GET /api/v1/actors/all
SERVER_LOGS: 2024/03/17 02:26:39 Invalid authorization header format
SERVER_LOGS: 2024/03/17 02:27:26 Request received: GET /api/v1/movies/all
SERVER_LOGS: 2024/03/17 02:29:35 Request received: POST /api/v1/users/login
SERVER_LOGS: 2024/03/17 02:29:38 Request received: GET /api/v1/actors/all
SERVER_LOGS: 2024/03/17 02:29:38 Invalid authorization header format
SERVER_LOGS: 2024/03/17 02:46:23 Request received: POST /api/v1/users/login
SERVER_LOGS: 2024/03/17 02:46:25 Request received: GET /api/v1/actors/all
SERVER_LOGS: 2024/03/17 02:46:25 Invalid authorization header format
SERVER_LOGS: 2024/03/17 02:47:47 Request received: POST /api/v1/users/login
SERVER_LOGS: 2024/03/17 02:47:50 Request received: GET /api/v1/actors/all
SERVER_LOGS: 2024/03/17 02:47:50 Authorization header missing
SERVER_LOGS: 2024/03/17 02:48:22 Request received: POST /api/v1/users/login
SERVER_LOGS: 2024/03/17 02:48:25 Request received: GET /api/v1/actors/all
SERVER_LOGS: 2024/03/17 02:48:25 Invalid authorization header format
SERVER_LOGS: 2024/03/17 02:49:23 Request received: POST /api/v1/users/login
SERVER_LOGS: 2024/03/17 02:49:25 Request received: GET /api/v1/actors/all
SERVER_LOGS: 2024/03/17 02:49:25 Invalid authorization header format
SERVER_LOGS: 2024/03/17 02:51:23 Request received: POST /api/v1/users/login
SERVER_LOGS: 2024/03/17 02:51:25 Request received: GET /api/v1/actors/all
SERVER_LOGS: 2024/03/17 02:51:25 Invalid authorization header format
SERVER_LOGS: 2024/03/17 02:53:24 Request received: POST /api/v1/users/login
SERVER_LOGS: 2024/03/17 02:53:26 Request received: GET /api/v1/actors/all
SERVER_LOGS: 2024/03/17 02:53:26 Invalid authorization header format
SERVER_LOGS: 2024/03/17 02:54:13 Request received: POST /api/v1/users/login
SERVER_LOGS: 2024/03/17 02:54:15 Request received: GET /api/v1/actors/all
SERVER_LOGS: 2024/03/17 02:54:15 Invalid authorization header format
SERVER_LOGS: 2024/03/17 02:57:10 Request received: POST /api/v1/users/login
SERVER_LOGS: 2024/03/17 02:57:13 Request received: GET /api/v1/actors/all
SERVER_LOGS: 2024/03/17 02:57:13 Invalid authorization header format
SERVER_LOGS: 2024/03/17 02:57:38 Request received: GET /api/v1/actors/all
SERVER_LOGS: 2024/03/17 02:58:06 Request received: POST /api/v1/users/login
SERVER_LOGS: 2024/03/17 02:58:08 Request received: GET /api/v1/actors/all
SERVER_LOGS: 2024/03/17 02:58:08 Invalid authorization header format
SERVER_LOGS: 2024/03/17 02:58:19 Request received: GET /api/v1/actors/get
SERVER_LOGS: 2024/03/17 02:58:56 Request received: POST /api/v1/users/login
SERVER_LOGS: 2024/03/17 02:58:59 Request received: GET /api/v1/actors/get
SERVER_LOGS: 2024/03/17 02:58:59 Invalid authorization header format
SERVER_LOGS: 2024/03/17 03:00:10 Request received: POST /api/v1/users/login
SERVER_LOGS: 2024/03/17 03:00:46 Request received: POST /api/v1/users/login
SERVER_LOGS: 2024/03/17 03:02:07 Request received: POST /api/v1/users/login
SERVER_LOGS: 2024/03/17 03:02:16 Request received: POST /api/v1/users/login
SERVER_LOGS: 2024/03/17 08:22:29 Successfully connected to the database!
SERVER_LOGS: 2024/03/17 08:22:29 Server started on port 8080
SERVER_LOGS: 2024/03/17 08:22:54 Request received: POST /api/v1/users/login
SERVER_LOGS: 2024/03/17 08:23:51 Request received: GET /api/v1/movies/all
SERVER_LOGS: 2024/03/17 08:24:01 Request received: GET /api/v1/movies/all
SERVER_LOGS: 2024/03/17 08:24:28 Request received: POST /api/v1/users/login
SERVER_LOGS: 2024/03/17 08:25:46 Request received: GET /api/v1/movies/all
SERVER_LOGS: 2024/03/17 08:30:51 Request received: POST /api/v1/users/login
SERVER_LOGS: 2024/03/17 08:32:02 Request received: POST /api/v1/users/login
SERVER_LOGS: 2024/03/17 08:32:02 Request received: GET /api/v1/movies/all
SERVER_LOGS: 2024/03/17 08:32:02 Invalid authorization header format
SERVER_LOGS: 2024/03/17 08:38:58 Request received: POST /api/v1/users/login
SERVER_LOGS: 2024/03/17 08:43:07 Request received: POST /api/v1/users/login
SERVER_LOGS: 2024/03/17 08:44:29 Request received: POST /api/v1/users/login
SERVER_LOGS: 2024/03/17 08:45:25 Request received: POST /api/v1/users/login
SERVER_LOGS: 2024/03/17 08:45:57 Request received: POST /api/v1/users/login
SERVER_LOGS: 2024/03/17 08:45:58 Request received: POST /api/v1/actors/all
SERVER_LOGS: 2024/03/17 08:45:58 Invalid authorization header format
SERVER_LOGS: 2024/03/17 08:51:43 Request received: POST /api/v1/users/login
SERVER_LOGS: 2024/03/17 08:51:44 Request received: POST /api/v1/actors/all
SERVER_LOGS: 2024/03/17 08:51:44 Invalid authorization header format
SERVER_LOGS: 2024/03/17 09:02:48 Request received: POST /api/v1/users/login
SERVER_LOGS: 2024/03/17 09:02:49 Request received: POST /api/v1/actors/all
SERVER_LOGS: 2024/03/17 09:02:49 Invalid authorization header format
SERVER_LOGS: 2024/03/17 09:04:43 Request received: POST /api/v1/users/login
SERVER_LOGS: 2024/03/17 09:04:44 Request received: POST /api/v1/actors/all
SERVER_LOGS: 2024/03/17 09:04:44 Invalid authorization header format
SERVER_LOGS: 2024/03/17 09:05:37 Request received: POST /api/v1/users/login
SERVER_LOGS: 2024/03/17 09:05:38 Request received: POST /api/v1/actors/all
SERVER_LOGS: 2024/03/17 09:05:38 Invalid authorization header format
SERVER_LOGS: 2024/03/17 09:06:53 Request received: POST /api/v1/users/login
SERVER_LOGS: 2024/03/17 09:06:54 Request received: POST /api/v1/actors/all
SERVER_LOGS: 2024/03/17 09:06:54 Invalid authorization header format
SERVER_LOGS: 2024/03/17 09:09:17 Request received: POST /api/v1/users/login
SERVER_LOGS: 2024/03/17 09:09:18 Request received: POST /api/v1/actors/all
SERVER_LOGS: 2024/03/17 09:09:18 Invalid authorization header format
SERVER_LOGS: 2024/03/17 09:20:26 Request received: POST /api/v1/users/login
SERVER_LOGS: 2024/03/17 09:20:26 Request received: POST /api/v1/actors/all
SERVER_LOGS: 2024/03/17 09:20:26 Invalid authorization header format
SERVER_LOGS: 2024/03/17 09:20:42 Request received: POST /api/v1/users/login
SERVER_LOGS: 2024/03/17 09:20:43 Request received: POST /api/v1/actors/all
SERVER_LOGS: 2024/03/17 09:20:43 Invalid authorization header format
SERVER_LOGS: 2024/03/17 09:20:56 Request received: POST /api/v1/users/login
SERVER_LOGS: 2024/03/17 09:20:57 Request received: POST /api/v1/actors/all
SERVER_LOGS: 2024/03/17 09:20:57 Invalid authorization header format
SERVER_LOGS: 2024/03/17 09:21:15 Request received: POST /api/v1/users/login
SERVER_LOGS: 2024/03/17 09:21:16 Request received: POST /api/v1/actors/all
SERVER_LOGS: 2024/03/17 09:21:16 Invalid authorization header format
SERVER_LOGS: 2024/03/17 09:23:47 Request received: GET /api/v1/actors/all
SERVER_LOGS: 2024/03/17 09:23:47 Authorization header missing
SERVER_LOGS: 2024/03/17 09:25:39 Request received: POST /api/v1/users/login
SERVER_LOGS: 2024/03/17 09:25:40 Request received: POST /api/v1/actors/all
SERVER_LOGS: 2024/03/17 09:25:40 Invalid authorization header format
SERVER_LOGS: 2024/03/17 09:25:55 Request received: POST /api/v1/users/login
SERVER_LOGS: 2024/03/17 09:25:56 Request received: POST /api/v1/actors/all
SERVER_LOGS: 2024/03/17 09:25:56 Token Not Valid
SERVER_LOGS: 2024/03/17 09:28:19 Request received: POST /api/v1/users/login
SERVER_LOGS: 2024/03/17 09:28:20 Request received: POST /api/v1/actors/all
SERVER_LOGS: 2024/03/17 09:29:15 Request received: POST /api/v1/users/login
SERVER_LOGS: 2024/03/17 09:29:16 Request received: GET /api/v1/actors/all
SERVER_LOGS: 2024/03/17 09:30:33 Request received: POST /api/v1/users/login
SERVER_LOGS: 2024/03/17 09:30:33 Request received: GET /api/v1/actors/all
SERVER_LOGS: 2024/03/17 10:08:36 Request received: POST /api/v1/users/login
SERVER_LOGS: 2024/03/17 10:08:36 Request received: GET /api/v1/actors/all
SERVER_LOGS: 2024/03/17 10:09:08 Request received: POST /api/v1/users/login
SERVER_LOGS: 2024/03/17 10:09:09 Request received: GET /api/v1/actors/all
SERVER_LOGS: 2024/03/17 10:10:49 Request received: POST /api/v1/users/login
SERVER_LOGS: 2024/03/17 10:10:50 Request received: GET /api/v1/actors/all
SERVER_LOGS: 2024/03/17 10:16:09 Request received: POST /api/v1/users/login
SERVER_LOGS: 2024/03/17 10:16:11 Request received: GET /api/v1/actors/all
SERVER_LOGS: 2024/03/17 10:16:20 Request received: POST /api/v1/users/login
SERVER_LOGS: 2024/03/17 10:16:21 Request received: GET /api/v1/actors/all
SERVER_LOGS: 2024/03/17 10:20:46 Request received: POST /api/v1/users/login
SERVER_LOGS: 2024/03/17 10:20:47 Request received: GET /api/v1/actors/all
SERVER_LOGS: 2024/03/17 10:21:08 Request received: POST /api/v1/users/login
SERVER_LOGS: 2024/03/17 10:21:09 Request received: GET /api/v1/actors/all
SERVER_LOGS: 2024/03/17 10:21:26 Request received: POST /api/v1/users/login
SERVER_LOGS: 2024/03/17 10:21:27 Request received: GET /api/v1/actors/all
SERVER_LOGS: 2024/03/17 10:21:27 Token Not Valid
SERVER_LOGS: 2024/03/17 11:38:33 Request received: POST /api/v1/users/login
SERVER_LOGS: 2024/03/17 11:38:34 Request received: GET /api/v1/actors/all
SERVER_LOGS: 2024/03/17 11:38:34 Token Not Valid
SERVER_LOGS: 2024/03/17 11:39:26 Request received: POST /api/v1/users/login
SERVER_LOGS: 2024/03/17 11:39:26 Request received: GET /api/v1/actors/all
SERVER_LOGS: 2024/03/17 11:39:26 Authorization header missing
SERVER_LOGS: 2024/03/17 11:40:25 Request received: POST /api/v1/users/login
SERVER_LOGS: 2024/03/17 11:40:26 Request received: GET /api/v1/actors/all
SERVER_LOGS: 2024/03/17 11:40:26 Authorization header missing
SERVER_LOGS: 2024/03/17 11:42:45 Request received: POST /api/v1/users/login
SERVER_LOGS: 2024/03/17 11:42:46 Request received: GET /api/v1/actors/all
SERVER_LOGS: 2024/03/17 11:42:46 Authorization header missing
SERVER_LOGS: 2024/03/17 11:43:45 Request received: POST /api/v1/users/login
SERVER_LOGS: 2024/03/17 11:43:45 Request received: GET /api/v1/actors/all
SERVER_LOGS: 2024/03/17 11:43:45 Authorization header missing
SERVER_LOGS: 2024/03/17 11:44:02 Request received: POST /api/v1/users/login
SERVER_LOGS: 2024/03/17 11:44:03 Request received: GET /api/v1/actors/all
SERVER_LOGS: 2024/03/17 11:44:03 Authorization header missing
SERVER_LOGS: 2024/03/17 11:44:35 Request received: POST /api/v1/users/login
SERVER_LOGS: 2024/03/17 11:44:35 Request received: GET /api/v1/actors/all
SERVER_LOGS: 2024/03/17 11:44:35 Authorization header missing
SERVER_LOGS: 2024/03/17 11:50:07 Request received: POST /api/v1/users/login
SERVER_LOGS: 2024/03/17 11:51:01 Request received: POST /api/v1/users/login
SERVER_LOGS: 2024/03/17 11:58:23 Request received: POST /api/v1/users/login
SERVER_LOGS: 2024/03/17 12:00:34 Request received: POST /api/v1/users/login
SERVER_LOGS: 2024/03/17 12:12:21 Request received: POST /api/v1/users/login
SERVER_LOGS: 2024/03/17 12:12:22 Request received: GET /api/v1/actors/all
SERVER_LOGS: 2024/03/17 12:12:22 Invalid authorization header format
SERVER_LOGS: 2024/03/17 12:13:06 Request received: POST /api/v1/users/login
SERVER_LOGS: 2024/03/17 12:13:07 Request received: GET /api/v1/actors/all
SERVER_LOGS: 2024/03/17 12:13:07 Authorization header missing
SERVER_LOGS: 2024/03/17 12:13:33 Request received: POST /api/v1/users/login
SERVER_LOGS: 2024/03/17 12:13:34 Request received: GET /api/v1/actors/all
SERVER_LOGS: 2024/03/17 12:13:34 Authorization header missing
SERVER_LOGS: 2024/03/17 12:16:13 Request received: POST /api/v1/users/login
SERVER_LOGS: 2024/03/17 12:16:14 Request received: GET /api/v1/actors/all
SERVER_LOGS: 2024/03/17 12:16:14 Invalid authorization header format
SERVER_LOGS: 2024/03/17 12:22:09 Request received: POST /api/v1/users/login
SERVER_LOGS: 2024/03/17 12:22:10 Request received: GET /api/v1/actors/all
SERVER_LOGS: 2024/03/17 12:22:10 Invalid authorization header format
SERVER_LOGS: 2024/03/17 12:45:43 Request received: POST /api/v1/users/login
SERVER_LOGS: 2024/03/17 12:45:43 Request received: GET /api/v1/actors/all
SERVER_LOGS: 2024/03/17 12:45:43 Invalid authorization header format
SERVER_LOGS: 2024/03/17 12:46:04 Request received: POST /api/v1/users/login
SERVER_LOGS: 2024/03/17 12:46:05 Request received: GET /api/v1/actors/all
SERVER_LOGS: 2024/03/17 12:46:05 Invalid authorization header format
SERVER_LOGS: 2024/03/17 12:46:26 Request received: POST /api/v1/users/login
SERVER_LOGS: 2024/03/17 12:46:26 Request received: GET /api/v1/actors/all
SERVER_LOGS: 2024/03/17 12:46:26 Invalid authorization header format
SERVER_LOGS: 2024/03/17 13:03:28 Request received: POST /api/v1/users/login
SERVER_LOGS: 2024/03/17 13:03:28 Request received: GET /api/v1/actors/all
SERVER_LOGS: 2024/03/17 13:03:28 Invalid authorization header format
SERVER_LOGS: 2024/03/17 13:05:34 Request received: POST /api/v1/users/login
SERVER_LOGS: 2024/03/17 13:05:34 Request received: GET /api/v1/actors/all
SERVER_LOGS: 2024/03/17 13:05:34 Invalid authorization header format
SERVER_LOGS: 2024/03/17 13:07:00 Request received: POST /api/v1/users/login
SERVER_LOGS: 2024/03/17 13:07:01 Request received: GET /api/v1/actors/all
SERVER_LOGS: 2024/03/17 13:07:01 Invalid authorization header format
SERVER_LOGS: 2024/03/17 13:07:17 Request received: POST /api/v1/users/login
SERVER_LOGS: 2024/03/17 13:07:18 Request received: GET /api/v1/actors/all
SERVER_LOGS: 2024/03/17 13:07:18 Authorization header missing
SERVER_LOGS: 2024/03/17 13:22:23 Request received: POST /api/v1/users/login
SERVER_LOGS: 2024/03/17 13:22:24 Request received: GET /api/v1/actors/all
SERVER_LOGS: 2024/03/17 13:22:24 Authorization header missing
SERVER_LOGS: 2024/03/17 13:22:44 Request received: POST /api/v1/users/login
SERVER_LOGS: 2024/03/17 13:22:45 Request received: GET /api/v1/actors/all
SERVER_LOGS: 2024/03/17 13:22:45 Authorization header missing
SERVER_LOGS: 2024/03/17 13:27:17 Request received: POST /api/v1/users/login
SERVER_LOGS: 2024/03/17 13:27:17 Request received: GET /api/v1/actors/all
SERVER_LOGS: 2024/03/17 13:27:17 Authorization header missing
SERVER_LOGS: 2024/03/17 13:29:21 Request received: POST /api/v1/users/login
SERVER_LOGS: 2024/03/17 13:29:22 Request received: GET /api/v1/actors/all
SERVER_LOGS: 2024/03/17 13:29:22 Authorization header missing
SERVER_LOGS: 2024/03/17 13:30:05 Request received: POST /api/v1/users/login
SERVER_LOGS: 2024/03/17 13:32:31 Request received: POST /api/v1/users/login
SERVER_LOGS: 2024/03/17 13:35:00 Request received: GET /api/v1/actors/all
SERVER_LOGS: 2024/03/17 13:37:30 Request received: GET /api/v1/actors/all
SERVER_LOGS: 2024/03/17 13:37:30 Invalid authorization header format
SERVER_LOGS: 2024/03/17 14:02:03 Successfully connected to the database!
SERVER_LOGS: 2024/03/17 14:02:03 Server started on port 8080
SERVER_LOGS: 2024/03/17 14:02:08 Request received: POST /api/v1/users/login
SERVER_LOGS: 2024/03/17 14:02:18 Request received: GET /api/v1/actors/all
SERVER_LOGS: 2024/03/17 14:02:18 Invalid authorization header format
SERVER_LOGS: 2024/03/17 14:03:05 Request received: GET /api/v1/actors/all
SERVER_LOGS: 2024/03/17 14:03:05 Authorization header missing
SERVER_LOGS: 2024/03/17 14:03:31 Request received: GET /api/v1/actors/all
SERVER_LOGS: 2024/03/17 14:03:31 Invalid authorization header format
SERVER_LOGS: 2024/03/17 14:10:51 Request received: GET /api/v1/actors/all
SERVER_LOGS: 2024/03/17 14:10:51 Invalid authorization header format
SERVER_LOGS: 2024/03/17 14:11:01 Request received: POST /api/v1/users/login
SERVER_LOGS: 2024/03/17 14:11:06 Request received: GET /api/v1/actors/all
SERVER_LOGS: 2024/03/17 14:11:06 Invalid authorization header format
SERVER_LOGS: 2024/03/17 14:14:44 Request received: POST /api/v1/users/login
SERVER_LOGS: 2024/03/17 14:15:18 Request received: GET /api/v1/actors/all
SERVER_LOGS: 2024/03/17 14:16:55 Request received: POST /api/v1/users/login
SERVER_LOGS: 2024/03/17 14:16:55 Request received: GET /api/v1/actors/all
SERVER_LOGS: 2024/03/17 14:16:55 Authorization header missing
SERVER_LOGS: 2024/03/17 14:18:20 Request received: POST /api/v1/users/login
SERVER_LOGS: 2024/03/17 14:18:21 Request received: GET /api/v1/actors/all
SERVER_LOGS: 2024/03/17 16:37:20 Request received: POST /api/v1/users/login
SERVER_LOGS: 2024/03/17 16:37:23 Request received: GET /api/v1/actors/all
SERVER_LOGS: 2024/03/17 16:37:23 Authorization header missing
SERVER_LOGS: 2024/03/17 16:37:52 Request received: POST /api/v1/users/login
SERVER_LOGS: 2024/03/17 16:37:54 Request received: GET /api/v1/actors/all
SERVER_LOGS: 2024/03/17 16:37:54 Authorization header missing
SERVER_LOGS: 2024/03/17 16:43:01 Request received: POST /api/v1/users/login
SERVER_LOGS: 2024/03/17 16:43:03 Request received: GET /api/v1/actors/all
SERVER_LOGS: 2024/03/17 16:43:03 Authorization header missing
SERVER_LOGS: 2024/03/17 16:54:52 Request received: POST /api/v1/users/login
SERVER_LOGS: 2024/03/17 16:54:55 Request received: GET /api/v1/actors/all
SERVER_LOGS: 2024/03/17 16:54:55 Authorization header missing
SERVER_LOGS: 2024/03/17 16:56:50 Request received: GET /api/v1/actors/all
SERVER_LOGS: 2024/03/17 16:56:50 Authorization header missing
SERVER_LOGS: 2024/03/17 17:01:43 Request received: GET /api/v1/actors/all
SERVER_LOGS: 2024/03/17 17:01:43 Authorization header missing
SERVER_LOGS: 2024/03/17 17:10:52 Request received: POST /api/v1/users/login
SERVER_LOGS: 2024/03/17 17:10:52 Error finding user: record not found
SERVER_LOGS: 2024/03/17 17:10:52 Invalid email or password
SERVER_LOGS: 2024/03/17 17:50:39 Request received: POST /api/v1/users/login
SERVER_LOGS: 2024/03/17 17:53:42 Request received: POST /api/v1/users/login
SERVER_LOGS: 2024/03/17 17:54:39 Request received: POST /api/v1/users/login
SERVER_LOGS: 2024/03/17 17:54:42 Request received: GET /api/v1/actors/all
SERVER_LOGS: 2024/03/17 17:55:22 Request received: POST /api/v1/users/login
SERVER_LOGS: 2024/03/17 17:55:25 Request received: GET /api/v1/actors/all
SERVER_LOGS: 2024/03/17 17:59:19 Request received: POST /api/v1/users/login
SERVER_LOGS: 2024/03/17 17:59:21 Request received: GET /api/v1/actors/all
SERVER_LOGS: 2024/03/17 18:08:56 Request received: POST /api/v1/users/login
SERVER_LOGS: 2024/03/17 18:08:58 Request received: GET /api/v1/actors/all
SERVER_LOGS: 2024/03/17 18:09:38 Request received: POST /api/v1/users/login
SERVER_LOGS: 2024/03/17 18:09:41 Request received: GET /api/v1/actors/all
SERVER_LOGS: 2024/03/17 20:03:15 Request received: GET /api/v1/actors/get
SERVER_LOGS: 2024/03/17 20:03:15 Token Not Valid
SERVER_LOGS: 2024/03/17 20:04:48 Request received: POST /api/v1/users/login
SERVER_LOGS: 2024/03/17 20:23:09 Request received: POST /api/v1/users/login
SERVER_LOGS: 2024/03/17 20:25:40 Request received: GET /api/v1/actors/all
SERVER_LOGS: 2024/03/17 20:25:40 Authorization header missing
SERVER_LOGS: 2024/03/17 20:28:58 Request received: GET /api/v1/actors/all
SERVER_LOGS: 2024/03/17 22:57:00 Successfully connected to the database!
SERVER_LOGS: 2024/03/17 22:57:00 Server started on port 8080
SERVER_LOGS: 2024/03/17 23:35:40 Request received: POST /api/v1/users/login
SERVER_LOGS: 2024/03/18 00:29:47 Request received: POST /api/v1/users/login
SERVER_LOGS: 2024/03/18 00:29:47 Request received: GET /api/v1/actors/all
SERVER_LOGS: 2024/03/18 01:00:00 Request received: POST /api/v1/users/login
SERVER_LOGS: 2024/03/18 01:00:44 Request received: POST /api/v1/actors/get
SERVER_LOGS: 2024/03/18 01:00:49 Request received: GET /api/v1/actors/get
SERVER_LOGS: 2024/03/18 01:00:49 Actor not found
SERVER_LOGS: 2024/03/18 01:00:53 Request received: GET /api/v1/actors/get
SERVER_LOGS: 2024/03/18 01:00:53 Actor not found
SERVER_LOGS: 2024/03/18 01:00:59 Request received: GET /api/v1/actors/get
SERVER_LOGS: 2024/03/18 01:01:48 Request received: GET /api/v1/actors/all
